<?xml version="1.0" encoding="UTF-8"?>
<!-- Generated by org.testng.reporters.JUnitReportReporter -->
<testsuite hostname="DESKTOP-3KOP925" failures="0" tests="2" name="Runner.search_testng_runner" time="63.347" errors="0" timestamp="2024-01-23T10:35:32 IST" skipped="0">
  <testcase classname="Runner.search_testng_runner" name="runScenario" time="41.328"/>
  <system-out/>
  <testcase classname="Runner.search_testng_runner" name="runScenario" time="22.019"/>
  <system-out/>
</testsuite> <!-- Runner.search_testng_runner -->
