<?xml version="1.0" encoding="UTF-8"?>
<!-- Generated by org.testng.reporters.JUnitReportReporter -->
<testsuite hostname="DESKTOP-3KOP925" failures="0" tests="1" name="Runner.addtowishlist_testng_runner" time="31.986" errors="0" timestamp="2024-01-23T10:35:32 IST" skipped="0">
  <testcase classname="Runner.addtowishlist_testng_runner" name="runScenario" time="31.986"/>
  <system-out/>
</testsuite> <!-- Runner.addtowishlist_testng_runner -->
